<?xml version="1.0" encoding="UTF-8"?>
<!-- Generated by org.testng.reporters.JUnitReportReporter -->
<testsuite hostname="tringappsadmin-Vostro-3559" failures="0" tests="1" name="Enews_Testcases.TC_18_FrontdoorVideos_API" time="1.551" errors="0" timestamp="17 Mar 2020 07:13:09 GMT" skipped="0">
  <testcase classname="Enews_Testcases.TC_18_FrontdoorVideos_API" name="frontdoorvideo" time="1.551"/>
</testsuite> <!-- Enews_Testcases.TC_18_FrontdoorVideos_API -->
