<?xml version="1.0" encoding="UTF-8"?>
<!-- Generated by org.testng.reporters.JUnitReportReporter -->
<testsuite hostname="tringappsadmin-Vostro-3559" failures="0" tests="1" name="Enews_Testcases.TC_19_FrontdoorPhotos_API" time="1.949" errors="0" timestamp="17 Mar 2020 07:04:22 GMT" skipped="0">
  <testcase classname="Enews_Testcases.TC_19_FrontdoorPhotos_API" name="frontdoorphotos" time="1.949"/>
</testsuite> <!-- Enews_Testcases.TC_19_FrontdoorPhotos_API -->
