<?xml version="1.0" encoding="UTF-8"?>
<!-- Generated by org.testng.reporters.JUnitReportReporter -->
<testsuite hostname="tringappsadmin-Vostro-3559" failures="0" tests="1" name="Enews_Testcases.TC_20_FDArticlelink_API" time="58.904" errors="0" timestamp="20 Apr 2020 04:21:46 GMT" skipped="0">
  <testcase classname="Enews_Testcases.TC_20_FDArticlelink_API" name="frontdoorphotos" time="58.904"/>
</testsuite> <!-- Enews_Testcases.TC_20_FDArticlelink_API -->
