<?xml version="1.0" encoding="UTF-8"?>
<!-- Generated by org.testng.reporters.JUnitReportReporter -->
<testsuite hostname="tringappsadmin-Vostro-3559" failures="0" tests="1" name="Enews_Testcases.TC_22_FDPhotolink_API" time="30.861" errors="0" timestamp="30 Mar 2020 13:08:49 GMT" skipped="0">
  <testcase classname="Enews_Testcases.TC_22_FDPhotolink_API" name="frontdoorphotos" time="30.861"/>
</testsuite> <!-- Enews_Testcases.TC_22_FDPhotolink_API -->
