<?xml version="1.0" encoding="UTF-8"?>
<!-- Generated by org.testng.reporters.JUnitReportReporter -->
<testsuite hostname="tringappsadmin-Vostro-3559" failures="0" tests="1" name="Enews_Testcases.TC_04_LatestNews" time="1.107" errors="0" timestamp="16 Mar 2020 08:57:25 GMT" skipped="0">
  <testcase classname="Enews_Testcases.TC_04_LatestNews" name="ArticleAPI" time="1.107"/>
</testsuite> <!-- Enews_Testcases.TC_04_LatestNews -->
