<?xml version="1.0" encoding="UTF-8"?>
<!-- Generated by org.testng.reporters.JUnitReportReporter -->
<testsuite hostname="tringappsadmin-Vostro-3559" failures="0" tests="1" name="Enews_Testcases.TC_01_Frontdoor" time="2.432" errors="0" timestamp="16 Mar 2020 08:57:25 GMT" skipped="0">
  <testcase classname="Enews_Testcases.TC_01_Frontdoor" name="ArticleAPI" time="2.432"/>
</testsuite> <!-- Enews_Testcases.TC_01_Frontdoor -->
