<?xml version="1.0" encoding="UTF-8"?>
<!-- Generated by org.testng.reporters.JUnitReportReporter -->
<testsuite hostname="tringappsadmin-Vostro-3559" failures="0" tests="1" name="Enews_Testcases.TC_21_FDVideolink_API" time="26.857" errors="0" timestamp="18 Mar 2020 06:34:13 GMT" skipped="0">
  <testcase classname="Enews_Testcases.TC_21_FDVideolink_API" name="frontdoorphotos" time="26.857"/>
</testsuite> <!-- Enews_Testcases.TC_21_FDVideolink_API -->
