<?xml version="1.0" encoding="UTF-8"?>
<!-- Generated by org.testng.reporters.JUnitReportReporter -->
<testsuite hostname="tringappsadmin-Vostro-3559" failures="0" tests="1" name="Enews_Testcases.TC_17_Frontdoorarticle" time="1.774" errors="0" timestamp="16 Mar 2020 11:15:58 GMT" skipped="0">
  <testcase classname="Enews_Testcases.TC_17_Frontdoorarticle" name="frontdoorapi" time="1.774"/>
</testsuite> <!-- Enews_Testcases.TC_17_Frontdoorarticle -->
